0 verbose cli [
0 verbose cli   'C:\\Program Files\\nodejs\\node.exe',
0 verbose cli   'C:\\Users\\SSR194\\AppData\\Roaming\\npm\\node_modules\\npm\\bin\\npm-cli.js',
0 verbose cli   'install',
0 verbose cli   '@material-ui/core'
0 verbose cli ]
1 info using npm@8.4.1
2 info using node@v16.14.0
3 timing npm:load:whichnode Completed in 0ms
4 timing config:load:defaults Completed in 3ms
5 timing config:load:file:C:\Users\SSR194\AppData\Roaming\npm\node_modules\npm\npmrc Completed in 6ms
6 timing config:load:builtin Completed in 7ms
7 timing config:load:cli Completed in 3ms
8 timing config:load:env Completed in 1ms
9 timing config:load:file:C:\Users\SSR194\My_Project\feature_request\satyam\.npmrc Completed in 4ms
10 timing config:load:project Completed in 14ms
11 timing config:load:file:C:\Users\SSR194\.npmrc Completed in 2ms
12 timing config:load:user Completed in 2ms
13 timing config:load:file:C:\Users\SSR194\AppData\Roaming\npm\etc\npmrc Completed in 2ms
14 timing config:load:global Completed in 2ms
15 timing config:load:validate Completed in 7ms
16 timing config:load:credentials Completed in 2ms
17 timing config:load:setEnvs Completed in 2ms
18 timing config:load Completed in 45ms
19 timing npm:load:configload Completed in 45ms
20 timing npm:load:setTitle Completed in 1ms
21 timing config:load:flatten Completed in 7ms
22 timing npm:load:display Completed in 12ms
23 verbose logfile C:\Users\SSR194\My_Project\feature_request\satyam\npmcache\_logs\2022-02-23T12_30_14_616Z-debug-0.log
24 timing npm:load:logFile Completed in 22ms
25 timing npm:load:timers Completed in 0ms
26 timing npm:load:configScope Completed in 0ms
27 timing npm:load Completed in 83ms
28 timing arborist:ctor Completed in 1ms
29 timing idealTree:init Completed in 1518ms
30 timing idealTree:userRequests Completed in 13ms
31 silly idealTree buildDeps
32 silly fetch manifest @anchor/react-components@^1.6.0
33 http fetch GET 200 https://tools-nexus.maerskdev.net/repository/npm-group-internal/@anchor%2freact-components 5011ms (cache miss)
34 silly fetch manifest react@17.0.2
35 http fetch GET 200 https://tools-nexus.maerskdev.net/repository/npm-group-internal/react 12617ms (cache updated)
36 silly fetch manifest react-dom@17.0.2
37 http fetch GET 200 https://tools-nexus.maerskdev.net/repository/npm-group-internal/react-dom 13041ms (cache updated)
38 silly fetch manifest styled-components@5.3.3
39 http fetch GET 200 https://tools-nexus.maerskdev.net/repository/npm-group-internal/styled-components 15199ms (cache updated)
40 silly fetch manifest react-is@>= 16.8.0
